22:55:22 **** Incremental Build of configuration Debug for project Mini_Project_4 ****
make all 
Building file: ../Application.c
Invoking: AVR Compiler
avr-gcc -Wall -g2 -gstabs -O0 -fpack-struct -fshort-enums -ffunction-sections -fdata-sections -std=gnu99 -funsigned-char -funsigned-bitfields -mmcu=atmega16 -DF_CPU=8000000UL -MMD -MP -MF"Application.d" -MT"Application.o" -c -o "Application.o" "../Application.c"
Finished building: ../Application.c
 
Building file: ../ultrasonic.c
Invoking: AVR Compiler
avr-gcc -Wall -g2 -gstabs -O0 -fpack-struct -fshort-enums -ffunction-sections -fdata-sections -std=gnu99 -funsigned-char -funsigned-bitfields -mmcu=atmega16 -DF_CPU=8000000UL -MMD -MP -MF"ultrasonic.d" -MT"ultrasonic.o" -c -o "ultrasonic.o" "../ultrasonic.c"
In file included from ../ultrasonic.c:15:
c:/winavr-20100110/lib/gcc/../../avr/include/util/delay.h:90:3: warning: #warning "Compiler optimizations disabled; functions from <util/delay.h> won't work as designed"
Finished building: ../ultrasonic.c
 
Building target: Mini_Project_4.elf
Invoking: AVR C Linker
avr-gcc -Wl,-Map,Mini_Project_4.map -mmcu=atmega16 -o "Mini_Project_4.elf"  ./Application.o ./gpio.o ./icu.o ./lcd.o ./ultrasonic.o   
Finished building target: Mini_Project_4.elf
 
Invoking: AVR Create Extended Listing
avr-objdump -h -S Mini_Project_4.elf  >"Mini_Project_4.lss"
Finished building: Mini_Project_4.lss
 
Create Flash image (ihex format)
avr-objcopy -R .eeprom -R .fuse -R .lock -R .signature -O ihex Mini_Project_4.elf  "Mini_Project_4.hex"
Finished building: Mini_Project_4.hex
 
Invoking: Print Size
avr-size --format=avr --mcu=atmega16 Mini_Project_4.elf
AVR Memory Usage
----------------
Device: atmega16

Program:   10098 bytes (61.6% Full)
(.text + .data + .bootloader)

Data:        292 bytes (28.5% Full)
(.data + .bss + .noinit)


Finished building: sizedummy
 

22:55:24 Build Finished. 0 errors, 1 warnings. (took 1s.680ms)

